<?xml version="1.0" encoding="UTF-8"?>
<robot generator="Robot 3.2.2 (Python 3.9.2 on win32)" generated="20210324 01:03:13.205" rpa="false">
<suite id="s1" name="TestCalCovid" source="C:\Users\Maneerat\Downloads\QA Tester\Robot\20210324\TestCalCovid.robot">
<test id="s1-t1" name="Connecting">
<kw name="Connect">
<kw name="Connect To Database Using Custom Params" library="DatabaseLibrary">
<doc>Loads the DB API 2.0 module given `dbapiModuleName` then uses it to
connect to the database using the map string `db_custom_param_string`.</doc>
<arguments>
<arg>cx_Oracle</arg>
<arg>${DB_CONNECT_STRING}</arg>
</arguments>
<msg timestamp="20210324 01:03:13.235" level="INFO">Executing : Connect To Database Using Custom Params : cx_Oracle.connect(db_api_2.connect('appuser/appuser@(DESCRIPTION=(ADDRESS=(PROTOCOL=TCP)(HOST=db.sew.com)(PORT=1522))(CONNECT_DATA=(SERVER=DEDICATED)(SERVICE_NAME=sewdb)))')) </msg>
<status status="PASS" starttime="20210324 01:03:13.232" endtime="20210324 01:03:13.839"></status>
</kw>
<status status="PASS" starttime="20210324 01:03:13.232" endtime="20210324 01:03:13.839"></status>
</kw>
<kw name="Query" library="DatabaseLibrary">
<doc>Uses the input `selectStatement` to query for the values that will be returned as a list of tuples. Set optional
input `sansTran` to True to run command without an explicit transaction commit or rollback.
Set optional input `returnAsDict` to True to return values as a list of dictionaries.</doc>
<arguments>
<arg>${queryString}</arg>
</arguments>
<assign>
<var>@{queryResults}</var>
</assign>
<msg timestamp="20210324 01:03:13.840" level="INFO">Executing : Query  |  select count(*) from BILL.user_seq_master a,BILL.unit_process b,BILL.disc_process c where b.user_seq = a.user_seq and C.user_seq = a.user_seq and C.bill_period = b.bill_period and b.bill_period = '256402' and a.user_seq = '048791' and b.net_amt = 790.95 and b.amt_ft_total = -32.33 and b.vat = 39.04 and b.amount = 797.66 and b.amount-c.disc_amt = 596.74 </msg>
<msg timestamp="20210324 01:03:13.947" level="INFO">@{queryResults} = [ (1,) ]</msg>
<status status="PASS" starttime="20210324 01:03:13.839" endtime="20210324 01:03:13.947"></status>
</kw>
<kw name="Log To Console" library="BuiltIn">
<doc>Logs the given message to the console.</doc>
<arguments>
<arg>@{queryResults}</arg>
</arguments>
<status status="PASS" starttime="20210324 01:03:13.948" endtime="20210324 01:03:13.949"></status>
</kw>
<status status="PASS" starttime="20210324 01:03:13.232" endtime="20210324 01:03:13.949" critical="yes"></status>
</test>
<doc>Basic database related keywords</doc>
<status status="PASS" starttime="20210324 01:03:13.206" endtime="20210324 01:03:13.950"></status>
</suite>
<statistics>
<total>
<stat pass="1" fail="0">Critical Tests</stat>
<stat pass="1" fail="0">All Tests</stat>
</total>
<tag>
</tag>
<suite>
<stat pass="1" fail="0" id="s1" name="TestCalCovid">TestCalCovid</stat>
</suite>
</statistics>
<errors>
</errors>
</robot>
